<?xml version="1.0" encoding="UTF-8"?>
<!-- Generated by org.testng.reporters.JUnitXMLReporter -->
<testsuite ignored="0" hostname="DESKTOP-MC6FUDD" failures="1" tests="1" name="Test" time="77.281" errors="0" timestamp="2024-10-09T15:47:51 IST">
  <testcase classname="coverFoxTest.TC1234_CoverFox_ValidateBannerCount" name="validatePolicyCount" time="3.811">
    <failure type="java.lang.AssertionError" message="null">
      <![CDATA[java.lang.AssertionError: null
at coverFoxTest.TC1234_CoverFox_ValidateBannerCount.validatePolicyCount(TC1234_CoverFox_ValidateBannerCount.java:83)
at java.base/java.util.ArrayList.forEach(ArrayList.java:1511)
... Removed 29 stack frames]]>
    </failure>
  </testcase> <!-- validatePolicyCount -->
</testsuite> <!-- Test -->
